# JRE version: OpenJDK Runtime Environment (17.0.9) (build 17.0.9+0--11185874)
# Java VM: OpenJDK 64-Bit Server VM (17.0.9+0--11185874, mixed mode, tiered, compressed oops, compressed class ptrs, g1 gc, windows-amd64)
GC Precious Log:
 CPUs: 2 total, 2 available
 Memory: 3504M
 Large Page Support: Disabled
 NUMA Support: Disabled
 Compressed Oops: Enabled (32-bit)
 Heap Region Size: 1M
 Heap Min Capacity: 8M
 Heap Initial Capacity: 56M
 Heap Max Capacity: 2G
 Pre-touch: Disabled
 Parallel Workers: 2
 Concurrent Workers: 1
 Concurrent Refinement Workers: 2
 Periodic GC: Disabled
Heap:
 garbage-first heap   total 430080K, used 295936K [0x0000000080000000, 0x0000000100000000)
  region size 1024K, 10 young (10240K), 10 survivors (10240K)
 Metaspace       used 132438K, committed 133312K, reserved 1179648K
  class space    used 17820K, committed 18240K, reserved 1048576K
GC Heap History (20 events):
Event: 223.972 GC heap after
{Heap after GC invocations=83 (full 0):
 garbage-first heap   total 354304K, used 184361K [0x0000000080000000, 0x0000000100000000)
  region size 1024K, 7 young (7168K), 7 survivors (7168K)
 Metaspace       used 129864K, committed 130816K, reserved 1179648K
  class space    used 17443K, committed 17920K, reserved 1048576K
}
Event: 225.178 GC heap before
{Heap before GC invocations=83 (full 0):
 garbage-first heap   total 354304K, used 310313K [0x0000000080000000, 0x0000000100000000)
  region size 1024K, 130 young (133120K), 7 survivors (7168K)
 Metaspace       used 129872K, committed 130816K, reserved 1179648K
  class space    used 17445K, committed 17920K, reserved 1048576K
}
Event: 225.214 GC heap after
{Heap after GC invocations=84 (full 0):
 garbage-first heap   total 354304K, used 184254K [0x0000000080000000, 0x0000000100000000)
  region size 1024K, 7 young (7168K), 7 survivors (7168K)
 Metaspace       used 129872K, committed 130816K, reserved 1179648K
  class space    used 17445K, committed 17920K, reserved 1048576K
}
Event: 227.522 GC heap before
{Heap before GC invocations=84 (full 0):
 garbage-first heap   total 354304K, used 310206K [0x0000000080000000, 0x0000000100000000)
  region size 1024K, 130 young (133120K), 7 survivors (7168K)
 Metaspace       used 130942K, committed 131840K, reserved 1179648K
  class space    used 17624K, committed 18048K, reserved 1048576K
}
Event: 227.571 GC heap after
{Heap after GC invocations=85 (full 0):
 garbage-first heap   total 424960K, used 186809K [0x0000000080000000, 0x0000000100000000)
  region size 1024K, 9 young (9216K), 9 survivors (9216K)
 Metaspace       used 130942K, committed 131840K, reserved 1179648K
  class space    used 17624K, committed 18048K, reserved 1048576K
}
Event: 234.546 GC heap before
{Heap before GC invocations=85 (full 0):
 garbage-first heap   total 424960K, used 382393K [0x0000000080000000, 0x0000000100000000)
  region size 1024K, 190 young (194560K), 9 survivors (9216K)
 Metaspace       used 132128K, committed 132992K, reserved 1179648K
  class space    used 17768K, committed 18176K, reserved 1048576K
}
Event: 234.596 GC heap after
{Heap after GC invocations=86 (full 0):
 garbage-first heap   total 424960K, used 214617K [0x0000000080000000, 0x0000000100000000)
  region size 1024K, 24 young (24576K), 24 survivors (24576K)
 Metaspace       used 132128K, committed 132992K, reserved 1179648K
  class space    used 17768K, committed 18176K, reserved 1048576K
}
Event: 235.518 GC heap before
{Heap before GC invocations=86 (full 0):
 garbage-first heap   total 424960K, used 343641K [0x0000000080000000, 0x0000000100000000)
  region size 1024K, 150 young (153600K), 24 survivors (24576K)
 Metaspace       used 132140K, committed 133056K, reserved 1179648K
  class space    used 17770K, committed 18240K, reserved 1048576K
}
Event: 235.580 GC heap after
{Heap after GC invocations=87 (full 0):
 garbage-first heap   total 424960K, used 250541K [0x0000000080000000, 0x0000000100000000)
  region size 1024K, 19 young (19456K), 19 survivors (19456K)
 Metaspace       used 132140K, committed 133056K, reserved 1179648K
  class space    used 17770K, committed 18240K, reserved 1048576K
}
Event: 237.895 GC heap before
{Heap before GC invocations=88 (full 0):
 garbage-first heap   total 430080K, used 332461K [0x0000000080000000, 0x0000000100000000)
  region size 1024K, 106 young (108544K), 19 survivors (19456K)
 Metaspace       used 132290K, committed 133184K, reserved 1179648K
  class space    used 17792K, committed 18240K, reserved 1048576K
}
Event: 237.921 GC heap after
{Heap after GC invocations=89 (full 0):
 garbage-first heap   total 430080K, used 265728K [0x0000000080000000, 0x0000000100000000)
  region size 1024K, 14 young (14336K), 14 survivors (14336K)
 Metaspace       used 132290K, committed 133184K, reserved 1179648K
  class space    used 17792K, committed 18240K, reserved 1048576K
}
Event: 237.999 GC heap before
{Heap before GC invocations=89 (full 0):
 garbage-first heap   total 430080K, used 272896K [0x0000000080000000, 0x0000000100000000)
  region size 1024K, 21 young (21504K), 14 survivors (14336K)
 Metaspace       used 132290K, committed 133184K, reserved 1179648K
  class space    used 17792K, committed 18240K, reserved 1048576K
}
Event: 238.077 GC heap after
{Heap after GC invocations=90 (full 0):
 garbage-first heap   total 430080K, used 242176K [0x0000000080000000, 0x0000000100000000)
  region size 1024K, 2 young (2048K), 2 survivors (2048K)
 Metaspace       used 132290K, committed 133184K, reserved 1179648K
  class space    used 17792K, committed 18240K, reserved 1048576K
}
Event: 239.125 GC heap before
{Heap before GC invocations=90 (full 0):
 garbage-first heap   total 430080K, used 337408K [0x0000000080000000, 0x0000000100000000)
  region size 1024K, 95 young (97280K), 2 survivors (2048K)
 Metaspace       used 132419K, committed 133312K, reserved 1179648K
  class space    used 17820K, committed 18240K, reserved 1048576K
}
Event: 239.244 GC heap after
{Heap after GC invocations=91 (full 0):
 garbage-first heap   total 430080K, used 258048K [0x0000000080000000, 0x0000000100000000)
  region size 1024K, 12 young (12288K), 12 survivors (12288K)
 Metaspace       used 132419K, committed 133312K, reserved 1179648K
  class space    used 17820K, committed 18240K, reserved 1048576K
}
Event: 240.553 GC heap before
{Heap before GC invocations=91 (full 0):
 garbage-first heap   total 430080K, used 343040K [0x0000000080000000, 0x0000000100000000)
  region size 1024K, 95 young (97280K), 12 survivors (12288K)
 Metaspace       used 132431K, committed 133312K, reserved 1179648K
  class space    used 17820K, committed 18240K, reserved 1048576K
}
Event: 240.698 GC heap after
{Heap after GC invocations=92 (full 0):
 garbage-first heap   total 430080K, used 275456K [0x0000000080000000, 0x0000000100000000)
  region size 1024K, 12 young (12288K), 12 survivors (12288K)
 Metaspace       used 132431K, committed 133312K, reserved 1179648K
  class space    used 17820K, committed 18240K, reserved 1048576K
}
Event: 242.120 GC heap before
{Heap before GC invocations=92 (full 0):
 garbage-first heap   total 430080K, used 348160K [0x0000000080000000, 0x0000000100000000)
  region size 1024K, 83 young (84992K), 12 survivors (12288K)
 Metaspace       used 132435K, committed 133312K, reserved 1179648K
  class space    used 17820K, committed 18240K, reserved 1048576K
}
Event: 242.254 GC heap after
{Heap after GC invocations=93 (full 0):
 garbage-first heap   total 430080K, used 284672K [0x0000000080000000, 0x0000000100000000)
  region size 1024K, 9 young (9216K), 9 survivors (9216K)
 Metaspace       used 132435K, committed 133312K, reserved 1179648K
  class space    used 17820K, committed 18240K, reserved 1048576K
}
Event: 243.069 GC heap before
{Heap before GC invocations=93 (full 0):
 garbage-first heap   total 430080K, used 353280K [0x0000000080000000, 0x0000000100000000)
  region size 1024K, 76 young (77824K), 9 survivors (9216K)
 Metaspace       used 132438K, committed 133312K, reserved 1179648K
  class space    used 17820K, committed 18240K, reserved 1048576K
}

